<?xml version="1.0" encoding="UTF-8"?>
<!-- Generated by org.testng.reporters.JUnitReportReporter -->
<testsuite skipped="0" hostname="DESKTOP-A8ID9R4" name="com.syntax.test.testNGTest" tests="1" failures="0" timestamp="2020-08-28T08:36:41 EDT" time="0.008" errors="0">
  <testcase name="hello" time="0.008" classname="com.syntax.test.testNGTest"/>
  <system-out/>
</testsuite> <!-- com.syntax.test.testNGTest -->
